# JRE version: OpenJDK Runtime Environment (11.0.8+10) (build 11.0.8+10-b944.6842174)
# Java VM: OpenJDK 64-Bit Server VM (11.0.8+10-b944.6842174, mixed mode, tiered, compressed oops, g1 gc, windows-amd64)
Heap:
 garbage-first heap   total 199680K, used 110424K [0x0000000080000000, 0x0000000100000000)
  region size 1024K, 6 young (6144K), 1 survivors (1024K)
 Metaspace       used 130795K, capacity 134344K, committed 134780K, reserved 1167360K
  class space    used 16553K, capacity 17806K, committed 17920K, reserved 1048576K
GC Heap History (20 events):
Event: 5328.442 GC heap before
{Heap before GC invocations=120 (full 0):
 garbage-first heap   total 165888K, used 124774K [0x0000000080000000, 0x0000000100000000)
  region size 1024K, 30 young (30720K), 3 survivors (3072K)
 Metaspace       used 123588K, capacity 126823K, committed 127100K, reserved 1159168K
  class space    used 15750K, capacity 16873K, committed 16896K, reserved 1048576K
}
Event: 5328.459 GC heap after
{Heap after GC invocations=121 (full 0):
 garbage-first heap   total 165888K, used 99284K [0x0000000080000000, 0x0000000100000000)
  region size 1024K, 4 young (4096K), 4 survivors (4096K)
 Metaspace       used 123588K, capacity 126823K, committed 127100K, reserved 1159168K
  class space    used 15750K, capacity 16873K, committed 16896K, reserved 1048576K
}
Event: 5332.997 GC heap before
{Heap before GC invocations=121 (full 0):
 garbage-first heap   total 165888K, used 126932K [0x0000000080000000, 0x0000000100000000)
  region size 1024K, 32 young (32768K), 4 survivors (4096K)
 Metaspace       used 125698K, capacity 129046K, committed 129148K, reserved 1161216K
  class space    used 15967K, capacity 17121K, committed 17152K, reserved 1048576K
}
Event: 5333.018 GC heap after
{Heap after GC invocations=122 (full 0):
 garbage-first heap   total 165888K, used 101606K [0x0000000080000000, 0x0000000100000000)
  region size 1024K, 3 young (3072K), 3 survivors (3072K)
 Metaspace       used 125698K, capacity 129046K, committed 129148K, reserved 1161216K
  class space    used 15967K, capacity 17121K, committed 17152K, reserved 1048576K
}
Event: 5335.527 GC heap before
{Heap before GC invocations=123 (full 0):
 garbage-first heap   total 165888K, used 129254K [0x0000000080000000, 0x0000000100000000)
  region size 1024K, 31 young (31744K), 3 survivors (3072K)
 Metaspace       used 125935K, capacity 129189K, committed 129404K, reserved 1161216K
  class space    used 15988K, capacity 17126K, committed 17152K, reserved 1048576K
}
Event: 5335.541 GC heap after
{Heap after GC invocations=124 (full 0):
 garbage-first heap   total 165888K, used 103918K [0x0000000080000000, 0x0000000100000000)
  region size 1024K, 3 young (3072K), 3 survivors (3072K)
 Metaspace       used 125935K, capacity 129189K, committed 129404K, reserved 1161216K
  class space    used 15988K, capacity 17126K, committed 17152K, reserved 1048576K
}
Event: 5336.876 GC heap before
{Heap before GC invocations=124 (full 0):
 garbage-first heap   total 165888K, used 131566K [0x0000000080000000, 0x0000000100000000)
  region size 1024K, 31 young (31744K), 3 survivors (3072K)
 Metaspace       used 126127K, capacity 129506K, committed 129660K, reserved 1161216K
  class space    used 16020K, capacity 17145K, committed 17152K, reserved 1048576K
}
Event: 5336.884 GC heap after
{Heap after GC invocations=125 (full 0):
 garbage-first heap   total 165888K, used 103424K [0x0000000080000000, 0x0000000100000000)
  region size 1024K, 1 young (1024K), 1 survivors (1024K)
 Metaspace       used 126127K, capacity 129506K, committed 129660K, reserved 1161216K
  class space    used 16020K, capacity 17145K, committed 17152K, reserved 1048576K
}
Event: 5340.452 GC heap before
{Heap before GC invocations=126 (full 0):
 garbage-first heap   total 165888K, used 129024K [0x0000000080000000, 0x0000000100000000)
  region size 1024K, 27 young (27648K), 1 survivors (1024K)
 Metaspace       used 127484K, capacity 130952K, committed 131068K, reserved 1163264K
  class space    used 16218K, capacity 17453K, committed 17536K, reserved 1048576K
}
Event: 5340.465 GC heap after
{Heap after GC invocations=127 (full 0):
 garbage-first heap   total 165888K, used 105220K [0x0000000080000000, 0x0000000100000000)
  region size 1024K, 3 young (3072K), 3 survivors (3072K)
 Metaspace       used 127484K, capacity 130952K, committed 131068K, reserved 1163264K
  class space    used 16218K, capacity 17453K, committed 17536K, reserved 1048576K
}
Event: 5344.290 GC heap before
{Heap before GC invocations=128 (full 0):
 garbage-first heap   total 165888K, used 134916K [0x0000000080000000, 0x0000000100000000)
  region size 1024K, 32 young (32768K), 3 survivors (3072K)
 Metaspace       used 129208K, capacity 132650K, committed 132988K, reserved 1165312K
  class space    used 16340K, capacity 17548K, committed 17664K, reserved 1048576K
}
Event: 5344.305 GC heap after
{Heap after GC invocations=129 (full 0):
 garbage-first heap   total 165888K, used 106488K [0x0000000080000000, 0x0000000100000000)
  region size 1024K, 4 young (4096K), 4 survivors (4096K)
 Metaspace       used 129208K, capacity 132650K, committed 132988K, reserved 1165312K
  class space    used 16340K, capacity 17548K, committed 17664K, reserved 1048576K
}
Event: 5986.479 GC heap before
{Heap before GC invocations=129 (full 0):
 garbage-first heap   total 165888K, used 134136K [0x0000000080000000, 0x0000000100000000)
  region size 1024K, 32 young (32768K), 4 survivors (4096K)
 Metaspace       used 130895K, capacity 134508K, committed 134780K, reserved 1167360K
  class space    used 16567K, capacity 17833K, committed 17920K, reserved 1048576K
}
Event: 5986.494 GC heap after
{Heap after GC invocations=130 (full 0):
 garbage-first heap   total 165888K, used 107608K [0x0000000080000000, 0x0000000100000000)
  region size 1024K, 3 young (3072K), 3 survivors (3072K)
 Metaspace       used 130895K, capacity 134508K, committed 134780K, reserved 1167360K
  class space    used 16567K, capacity 17833K, committed 17920K, reserved 1048576K
}
Event: 7715.404 GC heap before
{Heap before GC invocations=131 (full 0):
 garbage-first heap   total 165888K, used 137304K [0x0000000080000000, 0x0000000100000000)
  region size 1024K, 32 young (32768K), 3 survivors (3072K)
 Metaspace       used 130784K, capacity 134332K, committed 134780K, reserved 1167360K
  class space    used 16551K, capacity 17803K, committed 17920K, reserved 1048576K
}
Event: 7719.181 GC heap after
{Heap after GC invocations=132 (full 0):
 garbage-first heap   total 165888K, used 107732K [0x0000000080000000, 0x0000000100000000)
  region size 1024K, 2 young (2048K), 2 survivors (2048K)
 Metaspace       used 130784K, capacity 134332K, committed 134780K, reserved 1167360K
  class space    used 16551K, capacity 17803K, committed 17920K, reserved 1048576K
}
Event: 8071.487 GC heap before
{Heap before GC invocations=132 (full 0):
 garbage-first heap   total 165888K, used 113876K [0x0000000080000000, 0x0000000100000000)
  region size 1024K, 8 young (8192K), 2 survivors (2048K)
 Metaspace       used 130784K, capacity 134332K, committed 134780K, reserved 1167360K
  class space    used 16551K, capacity 17803K, committed 17920K, reserved 1048576K
}
Event: 8072.046 GC heap after
{Heap after GC invocations=133 (full 0):
 garbage-first heap   total 199680K, used 106515K [0x0000000080000000, 0x0000000100000000)
  region size 1024K, 1 young (1024K), 1 survivors (1024K)
 Metaspace       used 130784K, capacity 134332K, committed 134780K, reserved 1167360K
  class space    used 16551K, capacity 17803K, committed 17920K, reserved 1048576K
}
Event: 8532.766 GC heap before
{Heap before GC invocations=133 (full 0):
 garbage-first heap   total 199680K, used 114707K [0x0000000080000000, 0x0000000100000000)
  region size 1024K, 9 young (9216K), 1 survivors (1024K)
 Metaspace       used 130785K, capacity 134332K, committed 134780K, reserved 1167360K
  class space    used 16551K, capacity 17803K, committed 17920K, reserved 1048576K
}
Event: 8532.852 GC heap after
{Heap after GC invocations=134 (full 0):
 garbage-first heap   total 199680K, used 106328K [0x0000000080000000, 0x0000000100000000)
  region size 1024K, 1 young (1024K), 1 survivors (1024K)
 Metaspace       used 130785K, capacity 134332K, committed 134780K, reserved 1167360K
  class space    used 16551K, capacity 17803K, committed 17920K, reserved 1048576K
}

